2014/01/27 04:08:30 [error] [system.db.CDbCommand] CDbCommand::fetchAll() failed: SQLSTATE[42S02]: Base table or view not found: 1146 Table 'gor_db.usuarios' doesn't exist. The SQL statement executed was: SHOW FULL COLUMNS FROM `usuarios`.
in /opt/lampp/htdocs/gor/index.php (13)
2014/01/27 04:21:30 [error] [php] include(Usuario.php): failed to open stream: No existe el archivo o el directorio (/opt/lampp/htdocs/yii/framework/YiiBase.php:427)
Stack trace:
#0 /opt/lampp/htdocs/gor/protected/components/UserIdentity.php(16): spl_autoload_call()
#1 /opt/lampp/htdocs/gor/protected/models/LoginForm.php(52): UserIdentity->authenticate()
#2 /opt/lampp/htdocs/yii/framework/validators/CInlineValidator.php(42): LoginForm->authenticate()
#3 /opt/lampp/htdocs/yii/framework/validators/CValidator.php(213): CInlineValidator->validateAttribute()
#4 /opt/lampp/htdocs/yii/framework/base/CModel.php(159): CInlineValidator->validate()
#5 /opt/lampp/htdocs/gor/protected/controllers/SiteController.php(94): LoginForm->validate()
#6 /opt/lampp/htdocs/yii/framework/web/actions/CInlineAction.php(49): SiteController->actionLogin()
#7 /opt/lampp/htdocs/yii/framework/web/CController.php(308): CInlineAction->runWithParams()
#8 /opt/lampp/htdocs/yii/framework/web/CController.php(286): SiteController->runAction()
#9 /opt/lampp/htdocs/yii/framework/web/CController.php(265): SiteController->runActionWithFilters()
#10 /opt/lampp/htdocs/yii/framework/web/CWebApplication.php(282): SiteController->run()
#11 /opt/lampp/htdocs/yii/framework/web/CWebApplication.php(141): CWebApplication->runController()
#12 /opt/lampp/htdocs/yii/framework/base/CApplication.php(180): CWebApplication->processRequest()
#13 /opt/lampp/htdocs/gor/index.php(13): CWebApplication->run()
REQUEST_URI=/gor/index.php?r=site/login
in /opt/lampp/htdocs/gor/protected/components/UserIdentity.php (16)
in /opt/lampp/htdocs/gor/protected/models/LoginForm.php (52)
in /opt/lampp/htdocs/gor/protected/controllers/SiteController.php (94)
2014/01/27 04:21:58 [error] [exception.CException] exception 'CException' with message 'Property "Usuarios.id" is not defined.' in /opt/lampp/htdocs/yii/framework/base/CComponent.php:130
Stack trace:
#0 /opt/lampp/htdocs/yii/framework/db/ar/CActiveRecord.php(145): CComponent->__get('id')
#1 /opt/lampp/htdocs/gor/protected/components/UserIdentity.php(23): CActiveRecord->__get('id')
#2 /opt/lampp/htdocs/gor/protected/models/LoginForm.php(52): UserIdentity->authenticate()
#3 /opt/lampp/htdocs/yii/framework/validators/CInlineValidator.php(42): LoginForm->authenticate('password', Array)
#4 /opt/lampp/htdocs/yii/framework/validators/CValidator.php(213): CInlineValidator->validateAttribute(Object(LoginForm), 'password')
#5 /opt/lampp/htdocs/yii/framework/base/CModel.php(159): CValidator->validate(Object(LoginForm), NULL)
#6 /opt/lampp/htdocs/gor/protected/controllers/SiteController.php(94): CModel->validate()
#7 /opt/lampp/htdocs/yii/framework/web/actions/CInlineAction.php(49): SiteController->actionLogin()
#8 /opt/lampp/htdocs/yii/framework/web/CController.php(308): CInlineAction->runWithParams(Array)
#9 /opt/lampp/htdocs/yii/framework/web/CController.php(286): CController->runAction(Object(CInlineAction))
#10 /opt/lampp/htdocs/yii/framework/web/CController.php(265): CController->runActionWithFilters(Object(CInlineAction), Array)
#11 /opt/lampp/htdocs/yii/framework/web/CWebApplication.php(282): CController->run('login')
#12 /opt/lampp/htdocs/yii/framework/web/CWebApplication.php(141): CWebApplication->runController('site/login')
#13 /opt/lampp/htdocs/yii/framework/base/CApplication.php(180): CWebApplication->processRequest()
#14 /opt/lampp/htdocs/gor/index.php(13): CApplication->run()
#15 {main}
REQUEST_URI=/gor/index.php?r=site/login
HTTP_REFERER=http://localhost/gor/index.php?r=site/login
---
